#
# A fatal error has been detected by the Java Runtime Environment:
#
#  EXCEPTION_ACCESS_VIOLATION (0xc0000005) at pc=0x00007ffcf6a4b399, pid=1720, tid=5000
#
# JRE version: Java(TM) SE Runtime Environment (8.0_60-b27) (build 1.8.0_60-b27)
# Java VM: Java HotSpot(TM) 64-Bit Server VM (25.60-b23 mixed mode windows-amd64 compressed oops)
# Problematic frame:
# C  [Flash.ocx+0x3cb399]
#
# Failed to write core dump. Minidumps are not enabled by default on client versions of Windows
#
# If you would like to submit a bug report, please visit:
#   http://bugreport.java.com/bugreport/crash.jsp
# The crash happened outside the Java Virtual Machine in native code.
# See problematic frame for where to report the bug.
#

---------------  T H R E A D  ---------------

Current thread (0x0000000002b31000):  JavaThread "main" [_thread_in_native, id=5000, stack(0x0000000002a30000,0x0000000002b30000)]

siginfo: ExceptionCode=0xc0000005, writing address 0x000003ed3616a5d0

Registers:
RAX=0x0000000000000000, RBX=0x000003f95fa6c0a0, RCX=0x00007ffd2db1fc6a, RDX=0x0000000000000000
RSP=0x0000000002b2ed10, RBP=0x0000000002b2ed90, RSI=0x000003ed36169000, RDI=0x00007ffcf6a20dc0
R8 =0x0000000002b2ecc8, R9 =0x0000000000000401, R10=0x0000000000000000, R11=0x0000000000000206
R12=0x0000000000000001, R13=0x0000000000000000, R14=0x000000001f348fe0, R15=0x0000000000000000
RIP=0x00007ffcf6a4b399, EFLAGS=0x0000000000010246

Top of Stack: (sp=0x0000000002b2ed10)
0x0000000002b2ed10:   000003f95fa6c0a0 0000000002b2ed90
0x0000000002b2ed20:   000003ed36169000 000000001c913470
0x0000000002b2ed30:   0000000000000000 0000000050242af3
0x0000000002b2ed40:   0000014000000197 0000019700000000
0x0000000002b2ed50:   0000014000000000 000003ed36171000
0x0000000002b2ed60:   0000000002b31000 0000000000000000
0x0000000002b2ed70:   000000001c9134d8 00007ffcf6a6d9e2
0x0000000002b2ed80:   0000000002b2ee18 0000f424a2c654d3
0x0000000002b2ed90:   0000000000000001 000000001c9134d8
0x0000000002b2eda0:   0000000002b2eeb0 00007ffcf6a5e764
0x0000000002b2edb0:   000003ed36169720 000000001f0216b0
0x0000000002b2edc0:   000003ed36169720 000000001c913470
0x0000000002b2edd0:   0000000002b2efd0 000003f95fa6c0a0
0x0000000002b2ede0:   000003ed00000000 000003f900000401
0x0000000002b2edf0:   000000001c913470 0000000002b2efd0
0x0000000002b2ee00:   000003ed36169720 0000000000000001 

Instructions: (pc=0x00007ffcf6a4b399)
0x00007ffcf6a4b379:   41 b8 01 04 00 00 44 89 7c 24 20 45 8b c8 48 8d
0x00007ffcf6a4b389:   4d c8 48 8b d0 ff 15 84 8c ea 00 85 c0 0f 95 c0
0x00007ffcf6a4b399:   88 86 d0 15 00 00 33 c0 48 8b 4d f8 48 33 cc e8
0x00007ffcf6a4b3a9:   23 40 79 00 4c 8d 9c 24 80 00 00 00 49 8b 5b 28 


Register to memory mapping:

RAX=0x0000000000000000 is an unknown value
RBX=0x000003f95fa6c0a0 is an unknown value
RCX=0x00007ffd2db1fc6a is an unknown value
RDX=0x0000000000000000 is an unknown value
RSP=0x0000000002b2ed10 is pointing into the stack for thread: 0x0000000002b31000
RBP=0x0000000002b2ed90 is pointing into the stack for thread: 0x0000000002b31000
RSI=0x000003ed36169000 is an unknown value
RDI=0x00007ffcf6a20dc0 is an unknown value
R8 =0x0000000002b2ecc8 is pointing into the stack for thread: 0x0000000002b31000
R9 =0x0000000000000401 is an unknown value
R10=0x0000000000000000 is an unknown value
R11=0x0000000000000206 is an unknown value
R12=0x0000000000000001 is an unknown value
R13=0x0000000000000000 is an unknown value
R14=0x000000001f348fe0 is an unknown value
R15=0x0000000000000000 is an unknown value


Stack: [0x0000000002a30000,0x0000000002b30000],  sp=0x0000000002b2ed10,  free space=1019k
Native frames: (J=compiled Java code, j=interpreted, Vv=VM code, C=native code)
C  [Flash.ocx+0x3cb399]
C  [Flash.ocx+0x3de764]
C  [Flash.ocx+0x39aa23]
C  [Flash.ocx+0x39d96d]
C  [USER32.dll+0x100dc]
C  [USER32.dll+0xfc07]
C  [swt-win32-4333.dll+0x1e236]
C  0x0000000002c457f4

Java frames: (J=compiled Java code, j=interpreted, Vv=VM code)
j  org.eclipse.swt.internal.win32.OS.DispatchMessageW(Lorg/eclipse/swt/internal/win32/MSG;)J+0
j  org.eclipse.swt.internal.win32.OS.DispatchMessage(Lorg/eclipse/swt/internal/win32/MSG;)J+7
j  org.eclipse.swt.widgets.Display.readAndDispatch()Z+64
j  chrriis.dj.nativeswing.swtimpl.core.SWTNativeInterface$OutProcess.runNativeSide([Ljava/lang/String;)V+537
j  chrriis.dj.nativeswing.swtimpl.core.SWTNativeInterface.main_([Ljava/lang/String;)V+1
j  chrriis.dj.nativeswing.swtimpl.NativeInterface.main([Ljava/lang/String;)V+7
v  ~StubRoutines::call_stub

---------------  P R O C E S S  ---------------

Java Threads: ( => current thread )
  0x0000000019dcd800 JavaThread "Forced VM termination thread" [_thread_blocked, id=6860, stack(0x000000001fbb0000,0x000000001fcb0000)]
  0x0000000019dc9000 JavaThread "Thread-0" [_thread_blocked, id=6564, stack(0x000000001fab0000,0x000000001fbb0000)]
  0x0000000019009000 JavaThread "Registry cleanup thread-0" daemon [_thread_blocked, id=6252, stack(0x000000001b910000,0x000000001ba10000)]
  0x0000000018d6f800 JavaThread "NativeSwing[1] SWT Receiver" daemon [_thread_blocked, id=5644, stack(0x0000000019920000,0x0000000019a20000)]
  0x0000000018d6a800 JavaThread "NativeSwing Shutdown" daemon [_thread_blocked, id=7164, stack(0x00000000192c0000,0x00000000193c0000)]
  0x0000000018cee000 JavaThread "Service Thread" daemon [_thread_blocked, id=6820, stack(0x00000000190c0000,0x00000000191c0000)]
  0x0000000017366800 JavaThread "C1 CompilerThread2" daemon [_thread_blocked, id=1304, stack(0x0000000018bc0000,0x0000000018cc0000)]
  0x0000000017360000 JavaThread "C2 CompilerThread1" daemon [_thread_blocked, id=4540, stack(0x0000000018ac0000,0x0000000018bc0000)]
  0x000000001735d000 JavaThread "C2 CompilerThread0" daemon [_thread_blocked, id=3100, stack(0x00000000189c0000,0x0000000018ac0000)]
  0x000000001735b800 JavaThread "Attach Listener" daemon [_thread_blocked, id=3120, stack(0x00000000188c0000,0x00000000189c0000)]
  0x000000001735a000 JavaThread "Signal Dispatcher" daemon [_thread_blocked, id=7160, stack(0x00000000187c0000,0x00000000188c0000)]
  0x0000000002c26000 JavaThread "Finalizer" daemon [_thread_blocked, id=7060, stack(0x00000000185c0000,0x00000000186c0000)]
  0x0000000002c1d000 JavaThread "Reference Handler" daemon [_thread_blocked, id=3932, stack(0x00000000184c0000,0x00000000185c0000)]
=>0x0000000002b31000 JavaThread "main" [_thread_in_native, id=5000, stack(0x0000000002a30000,0x0000000002b30000)]

Other Threads:
  0x0000000017327800 VMThread [stack: 0x00000000183c0000,0x00000000184c0000] [id=5112]
  0x00000000173a2000 WatcherThread [stack: 0x00000000191c0000,0x00000000192c0000] [id=3116]

VM state:not at safepoint (normal execution)

VM Mutex/Monitor currently owned by a thread: None

Heap:
 PSYoungGen      total 35840K, used 13801K [0x00000000d8400000, 0x00000000dac00000, 0x0000000100000000)
  eden space 30720K, 44% used [0x00000000d8400000,0x00000000d917a5e8,0x00000000da200000)
  from space 5120K, 0% used [0x00000000da700000,0x00000000da700000,0x00000000dac00000)
  to   space 5120K, 0% used [0x00000000da200000,0x00000000da200000,0x00000000da700000)
 ParOldGen       total 81920K, used 0K [0x0000000088c00000, 0x000000008dc00000, 0x00000000d8400000)
  object space 81920K, 0% used [0x0000000088c00000,0x0000000088c00000,0x000000008dc00000)
 Metaspace       used 8163K, capacity 8354K, committed 8448K, reserved 1056768K
  class space    used 913K, capacity 973K, committed 1024K, reserved 1048576K

Card table byte_map: [0x0000000011ff0000,0x00000000123b0000] byte_map_base: 0x0000000011baa000

Marking Bits: (ParMarkBitMap*) 0x000000005083a5b0
 Begin Bits: [0x0000000012a30000, 0x0000000014800000)
 End Bits:   [0x0000000014800000, 0x00000000165d0000)

Polling page: 0x0000000001260000

CodeCache: size=245760Kb used=2229Kb max_used=2231Kb free=243530Kb
 bounds [0x0000000002c30000, 0x0000000002ea0000, 0x0000000011c30000]
 total_blobs=1047 nmethods=519 adapters=442
 compilation: enabled

Compilation events (10 events):
Event: 2.998 Thread 0x000000001735d000 nmethod 510 0x0000000002e5c290 code [0x0000000002e5c3e0, 0x0000000002e5c5d8]
Event: 2.998 Thread 0x000000001735d000  514       4       java.lang.Integer::reverseBytes (26 bytes)
Event: 2.999 Thread 0x000000001735d000 nmethod 514 0x0000000002e58a50 code [0x0000000002e58b80, 0x0000000002e58bf8]
Event: 3.006 Thread 0x0000000017360000 nmethod 508 0x0000000002e58c50 code [0x0000000002e58e20, 0x0000000002e59850]
Event: 3.174 Thread 0x0000000017366800  516       3       org.eclipse.swt.widgets.Display::getData (149 bytes)
Event: 3.176 Thread 0x0000000017366800 nmethod 516 0x0000000002e5a4d0 code [0x0000000002e5a740, 0x0000000002e5b3e8]
Event: 3.917 Thread 0x0000000017366800  518       3       org.eclipse.swt.browser.WebSite$3::method3 (18 bytes)
Event: 3.918 Thread 0x0000000017366800 nmethod 518 0x0000000002e5e090 code [0x0000000002e5e200, 0x0000000002e5e428]
Event: 3.918 Thread 0x0000000017366800  519       3       org.eclipse.swt.browser.WebSite::QueryService (130 bytes)
Event: 3.919 Thread 0x0000000017366800 nmethod 519 0x0000000002e5ce50 code [0x0000000002e5d060, 0x0000000002e5db78]

GC Heap History (0 events):
No events

Deoptimization events (2 events):
Event: 2.028 Thread 0x0000000002b31000 Uncommon trap: reason=unstable_if action=reinterpret pc=0x0000000002e303e8 method=sun.misc.MetaIndex.mayContain(Ljava/lang/String;)Z @ 38
Event: 2.044 Thread 0x0000000002b31000 Uncommon trap: reason=unstable_if action=reinterpret pc=0x0000000002dece30 method=java.lang.String.indexOf([CII[CIII)I @ 134

Internal exceptions (10 events):
Event: 1.872 Thread 0x0000000018d6f800 Exception <a 'java/lang/NoSuchMethodError': <clinit>> (0x00000000d8965510) thrown at [C:\re\workspace\8-2-build-windows-amd64-cygwin\jdk8u60\4407\hotspot\src\share\vm\prims\jni.cpp, line 1591]
Event: 1.875 Thread 0x0000000018d6f800 Exception <a 'java/lang/NoSuchMethodError': <clinit>> (0x00000000d896ead8) thrown at [C:\re\workspace\8-2-build-windows-amd64-cygwin\jdk8u60\4407\hotspot\src\share\vm\prims\jni.cpp, line 1591]
Event: 2.028 Thread 0x0000000002b31000 Exception <a 'java/lang/ClassNotFoundException': sun/net/www/protocol/about/Handler> (0x00000000d8ef5d08) thrown at [C:\re\workspace\8-2-build-windows-amd64-cygwin\jdk8u60\4407\hotspot\src\share\vm\classfile\systemDictionary.cpp, line 210]
Event: 2.047 Thread 0x0000000002b31000 Exception <a 'java/lang/NoSuchMethodError': <clinit>> (0x00000000d8f22378) thrown at [C:\re\workspace\8-2-build-windows-amd64-cygwin\jdk8u60\4407\hotspot\src\share\vm\prims\jni.cpp, line 1591]
Event: 2.049 Thread 0x0000000002b31000 Exception <a 'java/lang/NoSuchMethodError': <clinit>> (0x00000000d8f24628) thrown at [C:\re\workspace\8-2-build-windows-amd64-cygwin\jdk8u60\4407\hotspot\src\share\vm\prims\jni.cpp, line 1591]
Event: 2.091 Thread 0x0000000002b31000 Exception <a 'java/lang/NoSuchMethodError': <clinit>> (0x00000000d8f4ac10) thrown at [C:\re\workspace\8-2-build-windows-amd64-cygwin\jdk8u60\4407\hotspot\src\share\vm\prims\jni.cpp, line 1591]
Event: 2.140 Thread 0x0000000002b31000 Exception <a 'java/lang/NoSuchMethodError': <clinit>> (0x00000000d8f64b00) thrown at [C:\re\workspace\8-2-build-windows-amd64-cygwin\jdk8u60\4407\hotspot\src\share\vm\prims\jni.cpp, line 1591]
Event: 2.554 Thread 0x0000000002b31000 Exception <a 'java/lang/NoSuchMethodError': <clinit>> (0x00000000d8f8a8b8) thrown at [C:\re\workspace\8-2-build-windows-amd64-cygwin\jdk8u60\4407\hotspot\src\share\vm\prims\jni.cpp, line 1591]
Event: 2.634 Thread 0x0000000002b31000 Exception <a 'java/lang/NoSuchMethodError': <clinit>> (0x00000000d8fd0558) thrown at [C:\re\workspace\8-2-build-windows-amd64-cygwin\jdk8u60\4407\hotspot\src\share\vm\prims\jni.cpp, line 1591]
Event: 2.976 Thread 0x0000000002b31000 Exception <a 'java/lang/NoSuchMethodError': <clinit>> (0x00000000d8ffc6b8) thrown at [C:\re\workspace\8-2-build-windows-amd64-cygwin\jdk8u60\4407\hotspot\src\share\vm\prims\jni.cpp, line 1591]

Events (10 events):
Event: 3.511 loading class java/util/IdentityHashMap$KeyIterator
Event: 3.511 loading class java/util/IdentityHashMap$IdentityHashMapIterator
Event: 3.512 loading class java/util/IdentityHashMap$IdentityHashMapIterator done
Event: 3.512 loading class java/util/IdentityHashMap$KeyIterator done
Event: 3.512 Thread 0x0000000019dc9000 Thread added: 0x0000000019dc9000
Event: 3.513 Thread 0x0000000019dcd800 Thread added: 0x0000000019dcd800
Event: 3.513 loading class chrriis/dj/nativeswing/swtimpl/core/SWTNativeInterface$5
Event: 3.513 loading class chrriis/dj/nativeswing/swtimpl/core/SWTNativeInterface$5 done
Event: 3.913 loading class org/eclipse/swt/events/DisposeEvent
Event: 3.913 loading class org/eclipse/swt/events/DisposeEvent done


Dynamic libraries:
0x00007ff6c9d40000 - 0x00007ff6c9d77000 	C:\Program Files\Java\jdk1.8.0_60\jre\bin\java.exe
0x00007ffd2fc10000 - 0x00007ffd2fdd1000 	C:\WINDOWS\SYSTEM32\ntdll.dll
0x00007ffd2dd40000 - 0x00007ffd2dded000 	C:\WINDOWS\system32\KERNEL32.DLL
0x00007ffd2c6e0000 - 0x00007ffd2c8bd000 	C:\WINDOWS\system32\KERNELBASE.dll
0x00007ffd2dc90000 - 0x00007ffd2dd36000 	C:\WINDOWS\system32\ADVAPI32.dll
0x00007ffd2de00000 - 0x00007ffd2de9d000 	C:\WINDOWS\system32\msvcrt.dll
0x00007ffd2d930000 - 0x00007ffd2d98b000 	C:\WINDOWS\system32\sechost.dll
0x00007ffd2d5f0000 - 0x00007ffd2d716000 	C:\WINDOWS\system32\RPCRT4.dll
0x00007ffd2daf0000 - 0x00007ffd2dc3e000 	C:\WINDOWS\system32\USER32.dll
0x00007ffd2e2f0000 - 0x00007ffd2e476000 	C:\WINDOWS\system32\GDI32.dll
0x00007ffd1c4b0000 - 0x00007ffd1c724000 	C:\WINDOWS\WinSxS\amd64_microsoft.windows.common-controls_6595b64144ccf1df_6.0.10240.16384_none_f41f7b285750ef43\COMCTL32.dll
0x00007ffd2dc40000 - 0x00007ffd2dc76000 	C:\WINDOWS\system32\IMM32.DLL
0x00007ffd2d990000 - 0x00007ffd2daec000 	C:\WINDOWS\system32\MSCTF.dll
0x0000000077f20000 - 0x0000000077ff2000 	C:\Program Files\Java\jdk1.8.0_60\jre\bin\msvcr100.dll
0x0000000050030000 - 0x00000000508b9000 	C:\Program Files\Java\jdk1.8.0_60\jre\bin\server\jvm.dll
0x00007ffd2ddf0000 - 0x00007ffd2ddf8000 	C:\WINDOWS\system32\PSAPI.DLL
0x00007ffd24210000 - 0x00007ffd24219000 	C:\WINDOWS\SYSTEM32\WSOCK32.dll
0x00007ffd2a5e0000 - 0x00007ffd2a603000 	C:\WINDOWS\SYSTEM32\WINMM.dll
0x00007ffd297c0000 - 0x00007ffd297ca000 	C:\WINDOWS\SYSTEM32\VERSION.dll
0x00007ffd2d3b0000 - 0x00007ffd2d419000 	C:\WINDOWS\system32\WS2_32.dll
0x00007ffd2dc80000 - 0x00007ffd2dc88000 	C:\WINDOWS\system32\NSI.dll
0x00000000029a0000 - 0x00000000029cc000 	C:\WINDOWS\SYSTEM32\WINMMBASE.dll
0x00007ffd2ca30000 - 0x00007ffd2ca74000 	C:\WINDOWS\system32\cfgmgr32.dll
0x00007ffd2afb0000 - 0x00007ffd2afd7000 	C:\WINDOWS\SYSTEM32\DEVOBJ.dll
0x0000000050020000 - 0x000000005002f000 	C:\Program Files\Java\jdk1.8.0_60\jre\bin\verify.dll
0x0000000077eb0000 - 0x0000000077ed9000 	C:\Program Files\Java\jdk1.8.0_60\jre\bin\java.dll
0x0000000050000000 - 0x0000000050016000 	C:\Program Files\Java\jdk1.8.0_60\jre\bin\zip.dll
0x00007ffd2e6e0000 - 0x00007ffd2fc02000 	C:\WINDOWS\system32\SHELL32.dll
0x00007ffd2ca80000 - 0x00007ffd2d0a8000 	C:\WINDOWS\system32\windows.storage.dll
0x00007ffd2dea0000 - 0x00007ffd2e11c000 	C:\WINDOWS\system32\combase.dll
0x00007ffd2e680000 - 0x00007ffd2e6d1000 	C:\WINDOWS\system32\shlwapi.dll
0x00007ffd2c6b0000 - 0x00007ffd2c6bf000 	C:\WINDOWS\system32\kernel.appcore.dll
0x00007ffd2c970000 - 0x00007ffd2ca23000 	C:\WINDOWS\system32\shcore.dll
0x00007ffd2c660000 - 0x00007ffd2c6aa000 	C:\WINDOWS\system32\powrprof.dll
0x00007ffd2c640000 - 0x00007ffd2c653000 	C:\WINDOWS\system32\profapi.dll
0x0000000077e90000 - 0x0000000077eaa000 	C:\Program Files\Java\jdk1.8.0_60\jre\bin\net.dll
0x00007ffd2beb0000 - 0x00007ffd2bf0d000 	C:\WINDOWS\system32\mswsock.dll
0x00000000193c0000 - 0x0000000019468000 	C:\Users\Cris\.swt\lib\win32\x86_64\swt-win32-4333.dll
0x00007ffd2e190000 - 0x00007ffd2e2d1000 	C:\WINDOWS\system32\ole32.dll
0x00007ffd2e560000 - 0x00007ffd2e61e000 	C:\WINDOWS\system32\OLEAUT32.dll
0x00007ffd2e480000 - 0x00007ffd2e557000 	C:\WINDOWS\system32\comdlg32.dll
0x00007ffd2d0b0000 - 0x00007ffd2d271000 	C:\WINDOWS\system32\CRYPT32.dll
0x00007ffd2c6c0000 - 0x00007ffd2c6d1000 	C:\WINDOWS\system32\MSASN1.dll
0x00007ffd1ef90000 - 0x00007ffd1f014000 	C:\WINDOWS\SYSTEM32\WINSPOOL.DRV
0x00007ffd09a80000 - 0x00007ffd09a98000 	C:\WINDOWS\SYSTEM32\USP10.dll
0x00007ffd1e090000 - 0x00007ffd1e337000 	C:\WINDOWS\SYSTEM32\WININET.dll
0x00007ffd2c570000 - 0x00007ffd2c598000 	C:\WINDOWS\SYSTEM32\bcrypt.dll
0x00007ffd2af10000 - 0x00007ffd2afa6000 	C:\WINDOWS\system32\uxtheme.dll
0x00007ffd2a2e0000 - 0x00007ffd2a302000 	C:\WINDOWS\system32\dwmapi.dll
0x00007ffd2c460000 - 0x00007ffd2c4cb000 	C:\WINDOWS\SYSTEM32\bcryptPrimitives.dll
0x00007ffd2a330000 - 0x00007ffd2a4b3000 	C:\WINDOWS\SYSTEM32\propsys.dll
0x00007ffd2d2e0000 - 0x00007ffd2d385000 	C:\WINDOWS\system32\clbcatq.dll
0x0000000077cd0000 - 0x0000000077e68000 	C:\Program Files\Java\jdk1.8.0_60\jre\bin\awt.dll
0x00007ffd2ad90000 - 0x00007ffd2ae08000 	C:\WINDOWS\system32\apphelp.dll
0x00007ffd0ee00000 - 0x00007ffd0f9fa000 	C:\Windows\System32\ieframe.dll
0x00007ffd25bb0000 - 0x00007ffd25f26000 	C:\Windows\System32\iertutil.dll
0x00007ffd2e120000 - 0x00007ffd2e18f000 	C:\WINDOWS\system32\coml2.dll
0x00007ffd2bf10000 - 0x00007ffd2bf27000 	C:\WINDOWS\SYSTEM32\cryptsp.dll
0x00007ffd2bb60000 - 0x00007ffd2bb93000 	C:\WINDOWS\system32\rsaenh.dll
0x00007ffd2c080000 - 0x00007ffd2c08b000 	C:\WINDOWS\SYSTEM32\CRYPTBASE.dll
0x00007ffd22bc0000 - 0x00007ffd22c06000 	C:\WINDOWS\system32\dataexchange.dll
0x00007ffd24400000 - 0x00007ffd24945000 	C:\WINDOWS\system32\d2d1.dll
0x00007ffd29f20000 - 0x00007ffd2a1c3000 	C:\WINDOWS\system32\d3d11.dll
0x00007ffd2a9d0000 - 0x00007ffd2aaa1000 	C:\WINDOWS\system32\dcomp.dll
0x00007ffd29e80000 - 0x00007ffd29f1c000 	C:\WINDOWS\system32\dxgi.dll
0x00007ffd2b000000 - 0x00007ffd2b0ee000 	C:\WINDOWS\system32\twinapi.appcore.dll
0x00007ffd2bc50000 - 0x00007ffd2bc6f000 	C:\WINDOWS\system32\USERENV.dll
0x00007ffd21990000 - 0x00007ffd21b26000 	C:\WINDOWS\SYSTEM32\urlmon.dll
0x00007ffd2c4d0000 - 0x00007ffd2c568000 	C:\WINDOWS\SYSTEM32\sxs.dll
0x00007ffcf8220000 - 0x00007ffcf99aa000 	C:\Windows\System32\mshtml.dll
0x00007ffd2c260000 - 0x00007ffd2c28c000 	C:\WINDOWS\SYSTEM32\SspiCli.dll
0x00007ffd17c60000 - 0x00007ffd17e02000 	C:\WINDOWS\SYSTEM32\ieapfltr.dll
0x00007ffd0b710000 - 0x00007ffd0bbab000 	C:\Windows\System32\jscript9.dll
0x00007ffd1f5a0000 - 0x00007ffd1f5d8000 	C:\WINDOWS\SYSTEM32\msls31.dll
0x00007ffd23520000 - 0x00007ffd23779000 	C:\WINDOWS\SYSTEM32\DWrite.dll
0x00007ffd1ef10000 - 0x00007ffd1ef1c000 	C:\WINDOWS\SYSTEM32\Secur32.dll
0x00007ffd2a8b0000 - 0x00007ffd2a8ed000 	C:\WINDOWS\SYSTEM32\MLANG.dll
0x00007ffd1ebd0000 - 0x00007ffd1ebe5000 	C:\WINDOWS\SYSTEM32\ondemandconnroutehelper.dll
0x00007ffd28200000 - 0x00007ffd28238000 	C:\WINDOWS\SYSTEM32\IPHLPAPI.DLL
0x00007ffd281f0000 - 0x00007ffd281fb000 	C:\WINDOWS\SYSTEM32\WINNSI.DLL
0x00007ffd25ad0000 - 0x00007ffd25ba6000 	C:\WINDOWS\SYSTEM32\winhttp.dll
0x00007ffd2bcb0000 - 0x00007ffd2bd58000 	C:\WINDOWS\SYSTEM32\DNSAPI.dll
0x00000000519a0000 - 0x00000000519c6000 	C:\Program Files\Bonjour\mdnsNSP.dll
0x00007ffd25ac0000 - 0x00007ffd25aca000 	C:\Windows\System32\rasadhlp.dll
0x00007ffd27e00000 - 0x00007ffd27e68000 	C:\WINDOWS\System32\fwpuclnt.dll
0x00007ffd2b9e0000 - 0x00007ffd2ba54000 	C:\WINDOWS\system32\schannel.DLL
0x00007ffd18e60000 - 0x00007ffd18e74000 	C:\WINDOWS\SYSTEM32\mskeyprotect.dll
0x00007ffd2c150000 - 0x00007ffd2c176000 	C:\WINDOWS\SYSTEM32\ncrypt.dll
0x00007ffd2c110000 - 0x00007ffd2c146000 	C:\WINDOWS\SYSTEM32\NTASN1.dll
0x00007ffd2ba60000 - 0x00007ffd2ba6a000 	C:\WINDOWS\SYSTEM32\DPAPI.DLL
0x00007ffd2d280000 - 0x00007ffd2d2d4000 	C:\WINDOWS\system32\WINTRUST.dll
0x00007ffd2b560000 - 0x00007ffd2b583000 	C:\WINDOWS\SYSTEM32\gpapi.dll
0x00007ffd08340000 - 0x00007ffd0836f000 	C:\Windows\System32\cryptnet.dll
0x00007ffd2d8d0000 - 0x00007ffd2d92b000 	C:\WINDOWS\system32\WLDAP32.dll
0x00007ffd1a6a0000 - 0x00007ffd1a6bf000 	C:\WINDOWS\system32\ncryptsslp.dll
0x00007ffcf6680000 - 0x00007ffcf821f000 	C:\Windows\System32\Macromed\Flash\Flash.ocx
0x00007ffd185b0000 - 0x00007ffd185f1000 	C:\WINDOWS\SYSTEM32\DINPUT8.dll
0x00007ffd1d4b0000 - 0x00007ffd1d4b7000 	C:\WINDOWS\SYSTEM32\MSIMG32.dll
0x00007ffd081f0000 - 0x00007ffd0833c000 	C:\WINDOWS\SYSTEM32\UIAutomationCore.DLL
0x00007ffd1a360000 - 0x00007ffd1a3fc000 	C:\WINDOWS\SYSTEM32\DSOUND.dll
0x00007ffd1ff80000 - 0x00007ffd20011000 	C:\WINDOWS\SYSTEM32\mscms.dll
0x00007ffd2a850000 - 0x00007ffd2a860000 	C:\WINDOWS\SYSTEM32\atlthunk.dll
0x00007ffd28570000 - 0x00007ffd285e2000 	C:\WINDOWS\System32\MMDevApi.dll
0x00007ffd16d60000 - 0x00007ffd16de5000 	C:\WINDOWS\SYSTEM32\AUDIOSES.DLL
0x00007ffd279d0000 - 0x00007ffd27b01000 	C:\WINDOWS\SYSTEM32\wintypes.dll
0x00007ffd17440000 - 0x00007ffd175ca000 	C:\WINDOWS\SYSTEM32\dbghelp.dll

VM Arguments:
jvm_args: -Djava.library.path=C:\Program Files\Java\jdk1.8.0_60\jre\bin;C:\WINDOWS\Sun\Java\bin;C:\WINDOWS\system32;C:\WINDOWS;C:\ProgramData\Oracle\Java\javapath;C:\WINDOWS\system32;C:\WINDOWS;C:\WINDOWS\System32\Wbem;C:\WINDOWS\System32\WindowsPowerShell\v1.0\;C:\Program Files (x86)\ATI Technologies\ATI.ACE\Core-Static;C:\adb;C:\Program Files\AMI\DuOS\;C:\WINDOWS\system32;C:\WINDOWS;C:\WINDOWS\System32\Wbem;C:\WINDOWS\System32\WindowsPowerShell\v1.0\;C:\Program Files (x86)\AMD\ATI.ACE\Core-Static;. -Dnativeswing.localhostAddress=127.0.0.1 
java_command: chrriis.dj.nativeswing.swtimpl.NativeInterface 1 53222
java_class_path (initial): C:\Users\Cris\Documents\NetBeansProjects\Progetto-F\Cinema\lib\DJNativeSwing-SWT-1-0-2\DJNativeSwing.jar;C:\Users\Cris\Documents\NetBeansProjects\Progetto-F\Cinema\lib\DJNativeSwing-SWT-1-0-2\DJNativeSwing-SWT.jar;C:\Users\Cris\Documents\NetBeansProjects\Progetto-F\Cinema\lib\swt-4.3.1-win32-win32-x86_64\swt.jar
Launcher Type: SUN_STANDARD

Environment Variables:
PATH=C:\ProgramData\Oracle\Java\javapath;C:\WINDOWS\system32;C:\WINDOWS;C:\WINDOWS\System32\Wbem;C:\WINDOWS\System32\WindowsPowerShell\v1.0\;C:\Program Files (x86)\ATI Technologies\ATI.ACE\Core-Static;C:\adb;C:\Program Files\AMI\DuOS\;C:\WINDOWS\system32;C:\WINDOWS;C:\WINDOWS\System32\Wbem;C:\WINDOWS\System32\WindowsPowerShell\v1.0\;C:\Program Files (x86)\AMD\ATI.ACE\Core-Static
USERNAME=Cris
OS=Windows_NT
PROCESSOR_IDENTIFIER=AMD64 Family 22 Model 0 Stepping 1, AuthenticAMD



---------------  S Y S T E M  ---------------

OS: Windows 10.0 , 64 bit Build 10240 (10.0.10240.16384)

CPU:total 4 (4 cores per cpu, 1 threads per core) family 22 model 0 stepping 1, cmov, cx8, fxsr, mmx, sse, sse2, sse3, ssse3, sse4.1, sse4.2, popcnt, avx, aes, clmul, mmxext, 3dnowpref, lzcnt, sse4a, tsc, tscinvbit, tscinv, bmi1

Memory: 4k page, physical 7810160k(4041868k free), swap 12004464k(7636208k free)

vm_info: Java HotSpot(TM) 64-Bit Server VM (25.60-b23) for windows-amd64 JRE (1.8.0_60-b27), built on Aug  4 2015 11:06:27 by "java_re" with MS VC++ 10.0 (VS2010)

time: Wed May 11 11:42:20 2016
elapsed time: 4 seconds (0d 0h 0m 4s)

